2026-02-09T22:29:39.446322Z TRACE ThreadId(01) version: 1.18.1
2026-02-09T22:29:39.446345Z TRACE ThreadId(01) platform: linux
2026-02-09T22:29:39.446356Z TRACE ThreadId(01) args: [
    "hemtt",
    "check",
]
2026-02-09T22:29:39.446527Z TRACE ThreadId(01) using temporary folder: "/tmp/hemtt/matt/Development_UKSFTA-Scripts"
2026-02-09T22:29:39.446534Z TRACE ThreadId(01) using project folder: "/ext/Development/UKSFTA-Scripts"
2026-02-09T22:29:39.446541Z TRACE ThreadId(01) using out folder: "/ext/Development/UKSFTA-Scripts/.hemttout"
2026-02-09T22:29:39.446588Z TRACE ThreadId(01) using build folder: "/ext/Development/UKSFTA-Scripts/.hemttout/check"
2026-02-09T22:29:39.446956Z TRACE ThreadId(01) Prefix: VfsPath { path: "/addons/main/$PBOPREFIX$", fs: VFS { fs: OverlayFS { layers: [VfsPath { path: "", fs: VFS { fs: In Memory File System } }, VfsPath { path: "", fs: VFS { fs: AltrootFS { root: VfsPath { path: "", fs: VFS { fs: PhysicalFS { root: "/ext/Development/UKSFTA-Scripts/include" } } } } } }, VfsPath { path: "", fs: VFS { fs: AltrootFS { root: VfsPath { path: "", fs: VFS { fs: PhysicalFS { root: "/tmp/hemtt/matt/Development_UKSFTA-Scripts/hemtt_binarize_output" } } } } } }, VfsPath { path: "", fs: VFS { fs: AltrootFS { root: VfsPath { path: "", fs: VFS { fs: PhysicalFS { root: "/ext/Development/UKSFTA-Scripts" } } } } } }] } } }
2026-02-09T22:29:39.447008Z TRACE ThreadId(01) config.cpp: VfsPath { path: "/addons/main/config.cpp", fs: VFS { fs: OverlayFS { layers: [VfsPath { path: "", fs: VFS { fs: In Memory File System } }, VfsPath { path: "", fs: VFS { fs: AltrootFS { root: VfsPath { path: "", fs: VFS { fs: PhysicalFS { root: "/ext/Development/UKSFTA-Scripts/include" } } } } } }, VfsPath { path: "", fs: VFS { fs: AltrootFS { root: VfsPath { path: "", fs: VFS { fs: PhysicalFS { root: "/tmp/hemtt/matt/Development_UKSFTA-Scripts/hemtt_binarize_output" } } } } } }, VfsPath { path: "", fs: VFS { fs: AltrootFS { root: VfsPath { path: "", fs: VFS { fs: PhysicalFS { root: "/ext/Development/UKSFTA-Scripts" } } } } } }] } } }
2026-02-09T22:29:39.447253Z TRACE ThreadId(01) checking for version macro in VfsPath { path: "/addons/main/script_version.hpp", fs: VFS { fs: OverlayFS { layers: [VfsPath { path: "", fs: VFS { fs: In Memory File System } }, VfsPath { path: "", fs: VFS { fs: AltrootFS { root: VfsPath { path: "", fs: VFS { fs: PhysicalFS { root: "/ext/Development/UKSFTA-Scripts/include" } } } } } }, VfsPath { path: "", fs: VFS { fs: AltrootFS { root: VfsPath { path: "", fs: VFS { fs: PhysicalFS { root: "/tmp/hemtt/matt/Development_UKSFTA-Scripts/hemtt_binarize_output" } } } } } }, VfsPath { path: "", fs: VFS { fs: AltrootFS { root: VfsPath { path: "", fs: VFS { fs: PhysicalFS { root: "/ext/Development/UKSFTA-Scripts" } } } } } }] } } }
2026-02-09T22:29:39.454182Z  INFO ThreadId(01) Config loaded for UKSF Task Force Alpha - Scripts 1.0.0.0-68fa1cad
2026-02-09T22:29:39.454195Z TRACE ThreadId(01) Scanning /ext/Development/UKSFTA-Scripts/addons for addons
2026-02-09T22:29:39.454254Z DEBUG ThreadId(01) using global config directory: "/home/matt/.config/hemtt"
2026-02-09T22:29:39.454278Z  INFO ThreadId(01) Running checks
2026-02-09T22:29:39.454287Z TRACE ThreadId(01) phase: init (BOM Check) (start)
2026-02-09T22:29:39.454294Z TRACE ThreadId(01) phase: init (BOM Check) (done)
2026-02-09T22:29:39.454297Z TRACE ThreadId(01) phase: init (Final New Line Check) (start)
2026-02-09T22:29:39.454301Z TRACE ThreadId(01) phase: init (Final New Line Check) (done)
2026-02-09T22:29:39.454305Z TRACE ThreadId(01) phase: init (git) (start)
2026-02-09T22:29:39.454308Z TRACE ThreadId(01) phase: init (git) (done)
2026-02-09T22:29:39.454312Z TRACE ThreadId(01) phase: init (Hooks) (start)
2026-02-09T22:29:39.455575Z TRACE ThreadId(01) phase: init (Hooks) (done)
2026-02-09T22:29:39.455584Z TRACE ThreadId(01) phase: init (Binarize) (start)
2026-02-09T22:29:39.455588Z TRACE ThreadId(01) phase: init (Binarize) (done)
2026-02-09T22:29:39.455592Z TRACE ThreadId(01) phase: init (Rapifier) (start)
2026-02-09T22:29:39.455595Z TRACE ThreadId(01) phase: init (Rapifier) (done)
2026-02-09T22:29:39.455604Z TRACE ThreadId(01) phase: init (SQF) (start)
2026-02-09T22:29:39.574850Z TRACE ThreadId(01) phase: init (SQF) (done)
2026-02-09T22:29:39.574869Z TRACE ThreadId(01) phase: init (Stringtables) (start)
2026-02-09T22:29:39.574874Z TRACE ThreadId(01) phase: init (Stringtables) (done)
2026-02-09T22:29:39.574879Z TRACE ThreadId(01) phase: check (BOM Check) (start)
2026-02-09T22:29:39.575014Z TRACE ThreadId(01) phase: check (BOM Check) (done)
2026-02-09T22:29:39.575019Z TRACE ThreadId(01) phase: check (Final New Line Check) (start)
2026-02-09T22:29:39.575139Z TRACE ThreadId(01) phase: check (Final New Line Check) (done)
2026-02-09T22:29:39.575143Z TRACE ThreadId(01) phase: check (git) (start)
2026-02-09T22:29:39.578223Z TRACE ThreadId(01) phase: check (git) (done)
2026-02-09T22:29:39.578231Z TRACE ThreadId(01) phase: check (Hooks) (start)
2026-02-09T22:29:39.578235Z TRACE ThreadId(01) phase: check (Hooks) (done)
2026-02-09T22:29:39.578239Z TRACE ThreadId(01) phase: check (Binarize) (start)
2026-02-09T22:29:39.578691Z  INFO ThreadId(01) Validated 0 files for binarization
2026-02-09T22:29:39.578697Z TRACE ThreadId(01) phase: check (Binarize) (done)
2026-02-09T22:29:39.578700Z TRACE ThreadId(01) phase: check (Rapifier) (start)
2026-02-09T22:29:39.578738Z TRACE ThreadId(01) phase: check (Rapifier) (done)
2026-02-09T22:29:39.578742Z TRACE ThreadId(01) phase: check (SQF) (start)
2026-02-09T22:29:39.578776Z TRACE ThreadId(01) phase: check (SQF) (done)
2026-02-09T22:29:39.578780Z TRACE ThreadId(01) phase: check (Stringtables) (start)
2026-02-09T22:29:39.578801Z TRACE ThreadId(01) phase: check (Stringtables) (done)
2026-02-09T22:29:39.578806Z TRACE ThreadId(01) phase: pre_build (BOM Check) (start)
2026-02-09T22:29:39.578809Z TRACE ThreadId(01) phase: pre_build (BOM Check) (done)
2026-02-09T22:29:39.578813Z TRACE ThreadId(01) phase: pre_build (Final New Line Check) (start)
2026-02-09T22:29:39.578817Z TRACE ThreadId(01) phase: pre_build (Final New Line Check) (done)
2026-02-09T22:29:39.578820Z TRACE ThreadId(01) phase: pre_build (git) (start)
2026-02-09T22:29:39.578824Z TRACE ThreadId(01) phase: pre_build (git) (done)
2026-02-09T22:29:39.578827Z TRACE ThreadId(01) phase: pre_build (Hooks) (start)
2026-02-09T22:29:39.578906Z  INFO ThreadId(01) Running hook: pre_build/01_set_version.rhai
2026-02-09T22:29:39.579372Z  INFO ThreadId(01) [pre_build/01_set_version.rhai] mod.cpp version set
2026-02-09T22:29:39.579449Z  INFO ThreadId(01) [pre_build/01_set_version.rhai] README.md version set
2026-02-09T22:29:39.579549Z  INFO ThreadId(01) Running hook: pre_build/02_sync_cfgpatches.rhai
2026-02-09T22:29:39.579746Z TRACE ThreadId(01) checking for version macro in VfsPath { path: "/addons/main/script_version.hpp", fs: VFS { fs: OverlayFS { layers: [VfsPath { path: "", fs: VFS { fs: In Memory File System } }, VfsPath { path: "", fs: VFS { fs: AltrootFS { root: VfsPath { path: "", fs: VFS { fs: PhysicalFS { root: "/ext/Development/UKSFTA-Scripts/include" } } } } } }, VfsPath { path: "", fs: VFS { fs: AltrootFS { root: VfsPath { path: "", fs: VFS { fs: PhysicalFS { root: "/tmp/hemtt/matt/Development_UKSFTA-Scripts/hemtt_binarize_output" } } } } } }, VfsPath { path: "", fs: VFS { fs: AltrootFS { root: VfsPath { path: "", fs: VFS { fs: PhysicalFS { root: "/ext/Development/UKSFTA-Scripts" } } } } } }] } } }
2026-02-09T22:29:39.580042Z  INFO ThreadId(01) [pre_build/02_sync_cfgpatches.rhai] HOOK: Verifying CfgPatches/CfgVehicles alignment...
2026-02-09T22:29:39.580084Z TRACE ThreadId(01) phase: pre_build (Hooks) (done)
2026-02-09T22:29:39.580089Z TRACE ThreadId(01) phase: pre_build (Binarize) (start)
2026-02-09T22:29:39.580093Z TRACE ThreadId(01) phase: pre_build (Binarize) (done)
2026-02-09T22:29:39.580096Z TRACE ThreadId(01) phase: pre_build (Rapifier) (start)
2026-02-09T22:29:39.583672Z  INFO ThreadId(01) Rapified 1 addon configs
2026-02-09T22:29:39.583686Z TRACE ThreadId(01) phase: pre_build (Rapifier) (done)
2026-02-09T22:29:39.583691Z TRACE ThreadId(01) phase: pre_build (SQF) (start)
2026-02-09T22:29:39.584359Z TRACE ThreadId(06) sqf compiling /addons/main/functions/fnc_spawnVehicleAtMarker.sqf
2026-02-09T22:29:39.584373Z TRACE ThreadId(03) sqf compiling /addons/main/functions/fnc_spawnPatient.sqf
2026-02-09T22:29:39.584372Z TRACE ThreadId(08) sqf compiling /addons/main/functions/spawnPatient.sqf
2026-02-09T22:29:39.584386Z TRACE ThreadId(13) sqf compiling /addons/main/functions/fnc_setVehicleDirectionFromMarker.sqf
2026-02-09T22:29:39.584388Z TRACE ThreadId(05) sqf compiling /addons/main/functions/fnc_createAtragMXPresetFromWeapon.sqf
2026-02-09T22:29:39.584393Z TRACE ThreadId(04) sqf compiling /addons/main/functions/fnc_activateScrambleAlarm.sqf
2026-02-09T22:29:39.584400Z TRACE ThreadId(12) sqf compiling /addons/main/functions/fnc_vehicleCTR_single.sqf
2026-02-09T22:29:39.584406Z TRACE ThreadId(07) sqf compiling /addons/main/functions/fnc_haloInsertionManager.sqf
2026-02-09T22:29:39.584411Z TRACE ThreadId(09) sqf compiling /addons/main/functions/fnc_generateAtragMXPresetFromCurrentWeapon.sqf
2026-02-09T22:29:39.584428Z TRACE ThreadId(11) sqf compiling /addons/main/functions/fnc_addScrambleAlarmActivationAction.sqf
2026-02-09T22:29:39.584433Z TRACE ThreadId(14) sqf compiling /addons/main/functions/fnc_exportAtragMXPresetsToClipboard.sqf
2026-02-09T22:29:39.584445Z TRACE ThreadId(18) sqf compiling /addons/main/functions/fnc_addAircraftSpawnActions.sqf
2026-02-09T22:29:39.584452Z TRACE ThreadId(25) sqf compiling /addons/main/functions/fnc_spawnInjuredPatient.sqf
2026-02-09T22:29:39.584461Z TRACE ThreadId(10) sqf compiling /addons/main/functions/fnc_addAtragMXPresetLoadAction.sqf
2026-02-09T22:29:39.618862Z  INFO ThreadId(01) Compiled 14 sqf files
2026-02-09T22:29:39.618906Z TRACE ThreadId(01) phase: pre_build (SQF) (done)
2026-02-09T22:29:39.618913Z TRACE ThreadId(01) phase: pre_build (Stringtables) (start)
2026-02-09T22:29:39.619296Z  INFO ThreadId(01) Checked 0 stringtables
2026-02-09T22:29:39.619304Z TRACE ThreadId(01) phase: pre_build (Stringtables) (done)
2026-02-09T22:29:39.623043Z TRACE ThreadId(01) writing ci annotations to .hemttout/ci_annotations.txt
2026-02-09T22:29:39.623222Z TRACE ThreadId(01) Code L-C14 does not have a diagnostic, skipping
2026-02-09T22:29:39.623228Z TRACE ThreadId(01) Code L-C14 does not have a diagnostic, skipping
2026-02-09T22:29:39.623231Z TRACE ThreadId(01) Code L-C14 does not have a diagnostic, skipping
2026-02-09T22:29:39.623235Z TRACE ThreadId(01) Code L-C14 does not have a diagnostic, skipping
2026-02-09T22:29:39.623239Z TRACE ThreadId(01) Code L-C14 does not have a diagnostic, skipping
2026-02-09T22:29:39.623242Z TRACE ThreadId(01) Code L-C14 does not have a diagnostic, skipping
2026-02-09T22:29:39.623246Z TRACE ThreadId(01) Code L-C14 does not have a diagnostic, skipping
2026-02-09T22:29:39.623250Z TRACE ThreadId(01) Code L-C14 does not have a diagnostic, skipping
2026-02-09T22:29:39.623253Z TRACE ThreadId(01) Code L-C14 does not have a diagnostic, skipping
2026-02-09T22:29:39.623257Z TRACE ThreadId(01) Code L-C14 does not have a diagnostic, skipping
2026-02-09T22:29:39.623261Z TRACE ThreadId(01) Code L-C14 does not have a diagnostic, skipping
2026-02-09T22:29:39.623264Z TRACE ThreadId(01) Code L-C14 does not have a diagnostic, skipping
2026-02-09T22:29:39.623351Z TRACE ThreadId(01) wrote 18 ci annotations to .hemttout/ci_annotations.txt
